<?xml version="1.0" encoding="UTF-8"?>
<!-- Generated by org.testng.reporters.JUnitReportReporter -->
<testsuite hostname="DESKTOP-BV1GLVQ" failures="0" tests="6" name="testCases.TC003_LoginDataDrivenTesting" time="34.555" errors="0" timestamp="2024-08-16T11:08:09 IST" skipped="0">
  <testcase classname="testCases.TC003_LoginDataDrivenTesting" name="verify_DataDrivernTesting" time="2.168"/>
  <testcase classname="testCases.TC003_LoginDataDrivenTesting" name="verify_DataDrivernTesting" time="3.075"/>
  <testcase classname="testCases.TC003_LoginDataDrivenTesting" name="verify_DataDrivernTesting" time="11.685"/>
  <testcase classname="testCases.TC003_LoginDataDrivenTesting" name="verify_DataDrivernTesting" time="2.490"/>
  <testcase classname="testCases.TC003_LoginDataDrivenTesting" name="verify_DataDrivernTesting" time="11.759"/>
  <testcase classname="testCases.TC003_LoginDataDrivenTesting" name="verify_DataDrivernTesting" time="3.378"/>
</testsuite> <!-- testCases.TC003_LoginDataDrivenTesting -->
