<?xml version="1.0" encoding="UTF-8"?>
<!-- Generated by org.testng.reporters.JUnitReportReporter -->
<testsuite hostname="DESKTOP-BV1GLVQ" failures="0" tests="1" name="testCases.TC002_LoginTest" time="2.574" errors="0" timestamp="2024-08-25T22:09:55 IST" skipped="0">
  <testcase classname="testCases.TC002_LoginTest" name="verify_login" time="2.574"/>
</testsuite> <!-- testCases.TC002_LoginTest -->
